TN:
SF:app.js
FNF:0
FNH:0
DA:1,1
DA:2,1
DA:4,1
DA:5,1
DA:6,1
DA:7,1
DA:9,1
DA:10,1
DA:11,1
DA:13,1
DA:15,1
LF:11
LH:11
BRDA:1,0,0,1
BRDA:1,0,1,0
BRF:2
BRH:1
end_of_record
TN:
SF:controllers\controllerGame.js
FN:4,(anonymous_0)
FN:35,(anonymous_1)
FN:49,(anonymous_2)
FNF:3
FNH:2
FNDA:1,(anonymous_0)
FNDA:3,(anonymous_1)
FNDA:0,(anonymous_2)
DA:1,1
DA:5,1
DA:6,1
DA:8,1
DA:9,1
DA:11,1
DA:20,1
DA:24,1
DA:29,1
DA:31,0
DA:36,3
DA:37,3
DA:39,2
DA:40,1
DA:43,1
DA:45,2
DA:50,0
DA:51,0
DA:52,0
DA:60,0
DA:61,0
DA:63,0
DA:68,1
LF:23
LH:16
BRDA:8,0,0,1
BRDA:8,0,1,1
BRDA:9,1,0,1
BRDA:9,1,1,1
BRDA:11,2,0,0
BRDA:11,2,1,1
BRDA:20,3,0,0
BRDA:20,3,1,1
BRDA:20,4,0,1
BRDA:20,4,1,1
BRDA:39,5,0,1
BRDA:39,5,1,1
BRF:12
BRH:10
end_of_record
TN:
SF:controllers\controllerTransaction.js
FN:5,(anonymous_0)
FNF:1
FNH:0
FNDA:0,(anonymous_0)
DA:1,1
DA:2,1
DA:6,0
DA:7,0
DA:9,0
DA:11,0
DA:13,0
DA:19,0
DA:21,0
DA:23,0
DA:37,0
DA:38,0
DA:39,0
DA:40,0
DA:42,0
DA:51,0
DA:53,0
DA:58,1
LF:18
LH:3
BRF:0
BRH:0
end_of_record
TN:
SF:controllers\controllerUser.js
FN:7,(anonymous_0)
FN:32,(anonymous_1)
FN:58,(anonymous_2)
FNF:3
FNH:2
FNDA:2,(anonymous_0)
FNDA:2,(anonymous_1)
FNDA:0,(anonymous_2)
DA:1,1
DA:2,1
DA:3,1
DA:4,1
DA:8,2
DA:9,2
DA:11,2
DA:14,2
DA:15,2
DA:18,0
DA:20,0
DA:26,0
DA:28,2
DA:33,2
DA:34,2
DA:36,2
DA:37,2
DA:38,0
DA:41,2
DA:42,2
DA:43,1
DA:45,1
DA:47,1
DA:54,1
DA:59,0
DA:60,0
DA:61,0
DA:66,0
DA:79,0
DA:81,0
DA:88,0
DA:89,0
DA:94,1
LF:33
LH:21
BRDA:14,0,0,2
BRDA:14,0,1,0
BRDA:37,1,0,0
BRDA:37,1,1,2
BRDA:42,2,0,1
BRDA:42,2,1,1
BRDA:83,3,0,0
BRDA:83,3,1,0
BRDA:84,4,0,0
BRDA:84,4,1,0
BRDA:85,5,0,0
BRDA:85,5,1,0
BRF:12
BRH:4
end_of_record
TN:
SF:helpers\index.js
FN:4,(anonymous_0)
FN:8,(anonymous_1)
FN:12,(anonymous_2)
FN:16,(anonymous_3)
FNF:4
FNH:4
FNDA:2,(anonymous_0)
FNDA:1,(anonymous_1)
FNDA:1,(anonymous_2)
FNDA:1,(anonymous_3)
DA:1,1
DA:2,1
DA:4,1
DA:5,2
DA:8,1
DA:9,1
DA:12,1
DA:13,1
DA:16,1
DA:17,1
DA:21,1
LF:11
LH:11
BRF:0
BRH:0
end_of_record
TN:
SF:middlewares\index.js
FN:4,(anonymous_0)
FN:22,(anonymous_1)
FNF:2
FNH:2
FNDA:2,(anonymous_0)
FNDA:7,(anonymous_1)
DA:1,1
DA:2,1
DA:4,1
DA:5,2
DA:6,2
DA:8,1
DA:9,1
DA:11,1
DA:12,0
DA:13,0
DA:15,0
DA:16,0
DA:18,2
DA:22,1
DA:23,7
DA:27,1
DA:28,0
DA:34,5
DA:35,5
DA:38,1
DA:39,1
DA:40,1
DA:44,1
LF:23
LH:18
BRDA:6,0,0,1
BRDA:6,0,1,1
BRDA:9,1,0,0
BRDA:9,1,1,1
BRDA:13,2,0,0
BRDA:13,2,1,0
BRDA:23,3,0,0
BRDA:23,3,1,0
BRDA:23,3,2,1
BRDA:23,3,3,1
BRDA:23,3,4,2
BRDA:23,3,5,4
BRDA:23,3,6,5
BRDA:23,3,7,1
BRF:14
BRH:9
end_of_record
TN:
SF:models\game.js
FN:5,(anonymous_0)
FN:12,(anonymous_1)
FNF:2
FNH:2
FNDA:1,(anonymous_0)
FNDA:1,(anonymous_1)
DA:4,1
DA:5,1
DA:13,1
DA:16,1
DA:31,1
LF:5
LH:5
BRF:0
BRH:0
end_of_record
TN:
SF:models\index.js
FN:21,(anonymous_0)
FN:29,(anonymous_1)
FN:34,(anonymous_2)
FNF:3
FNH:3
FNDA:4,(anonymous_0)
FNDA:3,(anonymous_1)
FNDA:3,(anonymous_2)
DA:3,1
DA:4,1
DA:5,1
DA:6,1
DA:7,1
DA:8,1
DA:9,1
DA:10,1
DA:13,1
DA:14,0
DA:16,1
DA:19,1
DA:22,4
DA:30,3
DA:31,3
DA:34,1
DA:35,3
DA:36,3
DA:40,1
DA:41,1
DA:43,1
LF:21
LH:20
BRDA:8,0,0,1
BRDA:8,0,1,0
BRDA:13,1,0,0
BRDA:13,1,1,1
BRDA:23,2,0,4
BRDA:23,2,1,4
BRDA:23,2,2,3
BRDA:23,2,3,3
BRDA:35,3,0,3
BRDA:35,3,1,0
BRF:10
BRH:7
end_of_record
TN:
SF:models\transaction.js
FN:5,(anonymous_0)
FN:12,(anonymous_1)
FNF:2
FNH:2
FNDA:1,(anonymous_0)
FNDA:1,(anonymous_1)
DA:4,1
DA:5,1
DA:13,1
DA:14,1
DA:17,1
DA:31,1
LF:6
LH:6
BRF:0
BRH:0
end_of_record
TN:
SF:models\user.js
FN:4,(anonymous_0)
FN:11,(anonymous_1)
FN:33,(anonymous_2)
FNF:3
FNH:3
FNDA:1,(anonymous_0)
FNDA:1,(anonymous_1)
FNDA:1,(anonymous_2)
DA:2,1
DA:3,1
DA:4,1
DA:13,1
DA:16,1
DA:34,1
DA:41,1
LF:7
LH:7
BRF:0
BRH:0
end_of_record
TN:
SF:routers\index.js
FNF:0
FNH:0
DA:1,1
DA:2,1
DA:3,1
DA:4,1
DA:5,1
DA:7,1
DA:9,1
DA:10,1
DA:11,1
DA:12,1
DA:13,1
DA:14,1
DA:15,1
DA:18,1
DA:20,1
LF:15
LH:15
BRF:0
BRH:0
end_of_record
